0 info it worked if it ends with ok
1 verbose cli [ '/usr/local/bin/node',
1 verbose cli   '/usr/local/bin/npm',
1 verbose cli   'install',
1 verbose cli   '-g',
1 verbose cli   'typings' ]
2 info using npm@2.14.12
3 info using node@v4.2.6
4 verbose install initial load of /usr/local/lib/package.json
5 verbose readDependencies loading dependencies from /usr/local/lib/package.json
6 silly cache add args [ 'typings', null ]
7 verbose cache add spec typings
8 silly cache add parsed spec Result {
8 silly cache add   raw: 'typings',
8 silly cache add   scope: null,
8 silly cache add   name: 'typings',
8 silly cache add   rawSpec: '',
8 silly cache add   spec: 'latest',
8 silly cache add   type: 'tag' }
9 silly addNamed typings@latest
10 verbose addNamed "latest" is being treated as a dist-tag for typings
11 info addNameTag [ 'typings', 'latest' ]
12 silly mapToRegistry name typings
13 silly mapToRegistry using default registry
14 silly mapToRegistry registry https://registry.npmjs.org/
15 silly mapToRegistry uri https://registry.npmjs.org/typings
16 verbose addNameTag registry:https://registry.npmjs.org/typings not in flight; fetching
17 verbose request uri https://registry.npmjs.org/typings
18 verbose request no auth needed
19 info attempt registry request try #1 at 1:58:49 PM
20 verbose request id 4b4985e43368cd3e
21 http request GET https://registry.npmjs.org/typings
22 http 200 https://registry.npmjs.org/typings
23 verbose headers { server: 'CouchDB/1.5.0 (Erlang OTP/R16B03)',
23 verbose headers   etag: '"7WWNPUFWC73VTZJ5QDRGCNL48"',
23 verbose headers   'content-type': 'application/json',
23 verbose headers   'cache-control': 'max-age=300',
23 verbose headers   'content-length': '158606',
23 verbose headers   'accept-ranges': 'bytes',
23 verbose headers   date: 'Tue, 22 Mar 2016 05:58:50 GMT',
23 verbose headers   via: '1.1 varnish',
23 verbose headers   age: '0',
23 verbose headers   connection: 'keep-alive',
23 verbose headers   'x-served-by': 'cache-iad2124-IAD',
23 verbose headers   'x-cache': 'HIT',
23 verbose headers   'x-cache-hits': '1',
23 verbose headers   'x-timer': 'S1458626330.740106,VS0,VE20',
23 verbose headers   vary: 'Accept' }
24 silly get cb [ 200,
24 silly get   { server: 'CouchDB/1.5.0 (Erlang OTP/R16B03)',
24 silly get     etag: '"7WWNPUFWC73VTZJ5QDRGCNL48"',
24 silly get     'content-type': 'application/json',
24 silly get     'cache-control': 'max-age=300',
24 silly get     'content-length': '158606',
24 silly get     'accept-ranges': 'bytes',
24 silly get     date: 'Tue, 22 Mar 2016 05:58:50 GMT',
24 silly get     via: '1.1 varnish',
24 silly get     age: '0',
24 silly get     connection: 'keep-alive',
24 silly get     'x-served-by': 'cache-iad2124-IAD',
24 silly get     'x-cache': 'HIT',
24 silly get     'x-cache-hits': '1',
24 silly get     'x-timer': 'S1458626330.740106,VS0,VE20',
24 silly get     vary: 'Accept' } ]
25 verbose get saving typings to /Users/barrylavides/.npm/registry.npmjs.org/typings/.cache.json
26 silly addNameTag next cb for typings with tag latest
27 silly addNamed typings@0.7.9
28 verbose addNamed "0.7.9" is a plain semver version for typings
29 silly mapToRegistry name typings
30 silly mapToRegistry using default registry
31 silly mapToRegistry registry https://registry.npmjs.org/
32 silly mapToRegistry uri https://registry.npmjs.org/typings
33 verbose addRemoteTarball https://registry.npmjs.org/typings/-/typings-0.7.9.tgz not in flight; adding
34 verbose addRemoteTarball [ 'https://registry.npmjs.org/typings/-/typings-0.7.9.tgz',
34 verbose addRemoteTarball   'f2aee78321a49a6dad091483ca030fab2a5c22ad' ]
35 info retry fetch attempt 1 at 1:58:53 PM
36 info attempt registry request try #1 at 1:58:53 PM
37 http fetch GET https://registry.npmjs.org/typings/-/typings-0.7.9.tgz
38 http fetch 200 https://registry.npmjs.org/typings/-/typings-0.7.9.tgz
39 silly fetchAndShaCheck shasum f2aee78321a49a6dad091483ca030fab2a5c22ad
40 verbose addTmpTarball /var/folders/f4/vt16gxhs2sd4lz1xgvh202p80000gp/T/npm-80240-c17ca689/registry.npmjs.org/typings/-/typings-0.7.9.tgz not in flight; adding
41 verbose addTmpTarball already have metadata; skipping unpack for typings@0.7.9
42 silly cache afterAdd typings@0.7.9
43 verbose afterAdd /Users/barrylavides/.npm/typings/0.7.9/package/package.json not in flight; writing
44 verbose afterAdd /Users/barrylavides/.npm/typings/0.7.9/package/package.json written
45 silly install resolved [ { name: 'typings',
45 silly install resolved     version: '0.7.9',
45 silly install resolved     description: 'The manager for TypeScript definitions',
45 silly install resolved     main: 'dist/typings.js',
45 silly install resolved     preferGlobal: true,
45 silly install resolved     bin: { typings: 'dist/bin.js' },
45 silly install resolved     files: [ 'dist/', 'typings.json' ],
45 silly install resolved     scripts:
45 silly install resolved      { lint: 'tslint \'src/**/*.ts\'',
45 silly install resolved        build: 'rm -rf dist/ && tsc',
45 silly install resolved        docs: 'node scripts/docs-commands.js',
45 silly install resolved        'dependency-check': 'dependency-check . --entry dist/bin.js --missing --no-dev && dependency-check . --entry dist/bin.js --unused --no-dev -i bluebird',
45 silly install resolved        test: 'npm run lint && npm run build && npm run dependency-check',
45 silly install resolved        prepublish: 'node -e "require(\'typings-core\').install({ cwd: process.cwd() })" && npm run build' },
45 silly install resolved     repository: { type: 'git', url: 'git://github.com/typings/typings.git' },
45 silly install resolved     keywords:
45 silly install resolved      [ 'typings',
45 silly install resolved        'typescript',
45 silly install resolved        'definition',
45 silly install resolved        'declaration',
45 silly install resolved        'package',
45 silly install resolved        'manager',
45 silly install resolved        'typed' ],
45 silly install resolved     author:
45 silly install resolved      { name: 'Blake Embrey',
45 silly install resolved        email: 'hello@blakeembrey.com',
45 silly install resolved        url: 'http://blakeembrey.me' },
45 silly install resolved     license: 'MIT',
45 silly install resolved     bugs: { url: 'https://github.com/typings/typings/issues' },
45 silly install resolved     homepage: 'https://github.com/typings/typings',
45 silly install resolved     dependencies:
45 silly install resolved      { 'any-promise': '^1.0.0',
45 silly install resolved        archy: '^1.0.0',
45 silly install resolved        bluebird: '^3.1.1',
45 silly install resolved        chalk: '^1.0.0',
45 silly install resolved        columnify: '^1.5.2',
45 silly install resolved        listify: '^1.0.0',
45 silly install resolved        minimist: '^1.2.0',
45 silly install resolved        'typings-core': '^0.2.11',
45 silly install resolved        'update-notifier': '^0.6.0',
45 silly install resolved        wordwrap: '^1.0.0',
45 silly install resolved        xtend: '^4.0.1' },
45 silly install resolved     devDependencies:
45 silly install resolved      { 'dependency-check': '^2.5.1',
45 silly install resolved        nock: '^7.2.2',
45 silly install resolved        'ts-node': '^0.6.0',
45 silly install resolved        tslint: '^3.5.0',
45 silly install resolved        typescript: '^1.8.7' },
45 silly install resolved     gitHead: 'aec8249c282212c9c3325bf04c20e441be46d38e',
45 silly install resolved     _id: 'typings@0.7.9',
45 silly install resolved     _shasum: 'f2aee78321a49a6dad091483ca030fab2a5c22ad',
45 silly install resolved     _from: 'typings@latest',
45 silly install resolved     _npmVersion: '3.6.0',
45 silly install resolved     _nodeVersion: '5.7.1',
45 silly install resolved     _npmUser: { name: 'blakeembrey', email: 'hello@blakeembrey.com' },
45 silly install resolved     dist:
45 silly install resolved      { shasum: 'f2aee78321a49a6dad091483ca030fab2a5c22ad',
45 silly install resolved        tarball: 'http://registry.npmjs.org/typings/-/typings-0.7.9.tgz' },
45 silly install resolved     maintainers: [ [Object], [Object] ],
45 silly install resolved     _npmOperationalInternal:
45 silly install resolved      { host: 'packages-13-west.internal.npmjs.com',
45 silly install resolved        tmp: 'tmp/typings-0.7.9.tgz_1457980055304_0.7172568526584655' },
45 silly install resolved     directories: {},
45 silly install resolved     _resolved: 'https://registry.npmjs.org/typings/-/typings-0.7.9.tgz' } ]
46 info install typings@0.7.9 into /usr/local/lib
47 info installOne typings@0.7.9
48 verbose installOne of typings to /usr/local/lib not in flight; installing
49 verbose lock using /Users/barrylavides/.npm/_locks/typings-6b528b66db81f6db.lock for /usr/local/lib/node_modules/typings
50 silly install write writing typings 0.7.9 to /usr/local/lib/node_modules/typings
51 verbose unbuild lib/node_modules/typings
52 silly gentlyRm /usr/local/lib/node_modules/typings is being purged from base /usr/local
53 verbose gentlyRm don't care about contents; nuking /usr/local/lib/node_modules/typings
54 verbose tar unpack /Users/barrylavides/.npm/typings/0.7.9/package.tgz
55 verbose tar unpacking to /usr/local/lib/node_modules/typings
56 silly gentlyRm /usr/local/lib/node_modules/typings is being purged
57 verbose gentlyRm don't care about contents; nuking /usr/local/lib/node_modules/typings
58 silly gunzTarPerm modes [ '755', '644' ]
59 error tar.unpack untar error /Users/barrylavides/.npm/typings/0.7.9/package.tgz
60 verbose unlock done using /Users/barrylavides/.npm/_locks/typings-6b528b66db81f6db.lock for /usr/local/lib/node_modules/typings
61 verbose fstream_path /usr/local/lib/node_modules/typings
62 verbose fstream_type Directory
63 verbose fstream_class DirWriter
64 verbose stack Error: EACCES: permission denied, mkdir '/usr/local/lib/node_modules/typings'
64 verbose stack     at Error (native)
65 verbose fstream_stack /usr/local/lib/node_modules/npm/node_modules/fstream/lib/dir-writer.js:35:25
65 verbose fstream_stack /usr/local/lib/node_modules/npm/node_modules/mkdirp/index.js:47:53
65 verbose fstream_stack FSReqWrap.oncomplete (fs.js:82:15)
66 verbose cwd /Users/barrylavides/Documents/Projects/Acombina/angular2-seed
67 error Darwin 15.3.0
68 error argv "/usr/local/bin/node" "/usr/local/bin/npm" "install" "-g" "typings"
69 error node v4.2.6
70 error npm  v2.14.12
71 error path /usr/local/lib/node_modules/typings
72 error code EACCES
73 error errno -13
74 error syscall mkdir
75 error Error: EACCES: permission denied, mkdir '/usr/local/lib/node_modules/typings'
75 error     at Error (native)
75 error  { [Error: EACCES: permission denied, mkdir '/usr/local/lib/node_modules/typings']
75 error   errno: -13,
75 error   code: 'EACCES',
75 error   syscall: 'mkdir',
75 error   path: '/usr/local/lib/node_modules/typings',
75 error   fstream_type: 'Directory',
75 error   fstream_path: '/usr/local/lib/node_modules/typings',
75 error   fstream_class: 'DirWriter',
75 error   fstream_stack:
75 error    [ '/usr/local/lib/node_modules/npm/node_modules/fstream/lib/dir-writer.js:35:25',
75 error      '/usr/local/lib/node_modules/npm/node_modules/mkdirp/index.js:47:53',
75 error      'FSReqWrap.oncomplete (fs.js:82:15)' ] }
76 error Please try running this command again as root/Administrator.
77 verbose exit [ -13, true ]
78 verbose unbuild lib/node_modules/typings
79 silly gentlyRm /usr/local/lib/node_modules/typings is being purged from base /usr/local
80 verbose gentlyRm don't care about contents; nuking /usr/local/lib/node_modules/typings
